2024-06-09 13:05:30 INFO  c.f.d.DiscoveryserviceApplication - Starting DiscoveryserviceApplication using Java 21.0.1 with PID 15472 (C:\Users\lenovo\OneDrive\Desktop\Microservice9\discoveryservice\target\classes started by lenovo in C:\Users\lenovo\OneDrive\Desktop\Microservice9\discoveryservice)
2024-06-09 13:05:30 INFO  c.f.d.DiscoveryserviceApplication - No active profile set, falling back to 1 default profile: "default"
2024-06-09 13:05:30 INFO  o.s.c.c.c.ConfigServerConfigDataLoader - Fetching config from server at : http://localhost:8888
2024-06-09 13:05:30 INFO  o.s.c.c.c.ConfigServerConfigDataLoader - Located environment: name=discoveryservice, profiles=[default], label=null, version=c0d218eb5d51a4b151e7883894e2fb4cd394ce22, state=null
2024-06-09 13:05:30 INFO  o.s.b.d.e.DevToolsPropertyDefaultsPostProcessor - Devtools property defaults active! Set 'spring.devtools.add-properties' to 'false' to disable
2024-06-09 13:05:30 INFO  o.s.b.d.e.DevToolsPropertyDefaultsPostProcessor - For additional web related logging consider setting the 'logging.level.web' property to 'DEBUG'
2024-06-09 13:05:32 INFO  o.s.cloud.context.scope.GenericScope - BeanFactory id=574ea05a-90f4-35f2-8433-f4c9481bd5ef
2024-06-09 13:05:32 WARN  o.s.c.s.PostProcessorRegistrationDelegate$BeanPostProcessorChecker - Bean 'org.springframework.cloud.client.loadbalancer.LoadBalancerAutoConfiguration$DeferringLoadBalancerInterceptorConfig' of type [org.springframework.cloud.client.loadbalancer.LoadBalancerAutoConfiguration$DeferringLoadBalancerInterceptorConfig] is not eligible for getting processed by all BeanPostProcessors (for example: not eligible for auto-proxying). The currently created BeanPostProcessor [lbRestClientPostProcessor] is declared through a non-static factory method on that class; consider declaring it as static instead.
2024-06-09 13:05:32 WARN  o.s.c.s.PostProcessorRegistrationDelegate$BeanPostProcessorChecker - Bean 'deferringLoadBalancerInterceptor' of type [org.springframework.cloud.client.loadbalancer.DeferringLoadBalancerInterceptor] is not eligible for getting processed by all BeanPostProcessors (for example: not eligible for auto-proxying). Is this bean getting eagerly injected into a currently created BeanPostProcessor [lbRestClientPostProcessor]? Check the corresponding BeanPostProcessor declaration and its dependencies.
2024-06-09 13:05:32 INFO  o.s.b.w.e.tomcat.TomcatWebServer - Tomcat initialized with port 8761 (http)
2024-06-09 13:05:32 INFO  o.a.coyote.http11.Http11NioProtocol - Initializing ProtocolHandler ["http-nio-8761"]
2024-06-09 13:05:32 INFO  o.a.catalina.core.StandardService - Starting service [Tomcat]
2024-06-09 13:05:32 INFO  o.a.catalina.core.StandardEngine - Starting Servlet engine: [Apache Tomcat/10.1.24]
2024-06-09 13:05:33 INFO  o.a.c.c.C.[Tomcat].[localhost].[/] - Initializing Spring embedded WebApplicationContext
2024-06-09 13:05:33 INFO  o.s.b.w.s.c.ServletWebServerApplicationContext - Root WebApplicationContext: initialization completed in 2624 ms
2024-06-09 13:05:34 INFO  c.n.d.p.DiscoveryJerseyProvider - Using JSON encoding codec LegacyJacksonJson
2024-06-09 13:05:34 INFO  c.n.d.p.DiscoveryJerseyProvider - Using JSON decoding codec LegacyJacksonJson
2024-06-09 13:05:34 INFO  c.n.d.p.DiscoveryJerseyProvider - Using XML encoding codec XStreamXml
2024-06-09 13:05:34 INFO  c.n.d.p.DiscoveryJerseyProvider - Using XML decoding codec XStreamXml
2024-06-09 13:05:36 INFO  o.s.cloud.commons.util.InetUtils - Cannot determine local hostname
2024-06-09 13:05:36 WARN  o.s.b.d.a.OptionalLiveReloadServer - Unable to start LiveReload server
2024-06-09 13:05:36 INFO  o.a.c.c.C.[Tomcat].[localhost].[/] - Initializing Spring DispatcherServlet 'dispatcherServlet'
2024-06-09 13:05:36 INFO  o.s.web.servlet.DispatcherServlet - Initializing Servlet 'dispatcherServlet'
2024-06-09 13:05:37 INFO  o.s.cloud.commons.util.InetUtils - Cannot determine local hostname
2024-06-09 13:05:37 INFO  o.s.b.a.e.web.EndpointLinksResolver - Exposing 1 endpoint(s) beneath base path '/actuator'
2024-06-09 13:05:38 INFO  o.s.web.servlet.DispatcherServlet - Completed initialization in 1027 ms
2024-06-09 13:05:38 WARN  o.s.c.l.c.LoadBalancerCacheAutoConfiguration$LoadBalancerCaffeineWarnLogger - Spring Cloud LoadBalancer is currently working with the default cache. While this cache implementation is useful for development and tests, it's recommended to use Caffeine cache in production.You can switch to using Caffeine cache, by adding it and org.springframework.cache.caffeine.CaffeineCacheManager to the classpath.
2024-06-09 13:05:38 INFO  o.s.c.n.eureka.InstanceInfoFactory - Setting initial instance status as: STARTING
2024-06-09 13:05:38 INFO  c.netflix.discovery.DiscoveryClient - Initializing Eureka in region us-east-1
2024-06-09 13:05:38 INFO  c.netflix.discovery.DiscoveryClient - Client configured to neither register nor query for data.
2024-06-09 13:05:38 INFO  c.netflix.discovery.DiscoveryClient - Discovery Client initialized at timestamp 1717927538296 with initial instances count: 0
2024-06-09 13:05:38 INFO  c.n.e.DefaultEurekaServerContext - Initializing ...
2024-06-09 13:05:38 INFO  c.n.eureka.cluster.PeerEurekaNodes - Adding new peer nodes [http://localhost:8761/eureka/]
2024-06-09 13:05:38 INFO  c.n.d.p.DiscoveryJerseyProvider - Using JSON encoding codec LegacyJacksonJson
2024-06-09 13:05:38 INFO  c.n.d.p.DiscoveryJerseyProvider - Using JSON decoding codec LegacyJacksonJson
2024-06-09 13:05:38 INFO  c.n.d.p.DiscoveryJerseyProvider - Using XML encoding codec XStreamXml
2024-06-09 13:05:38 INFO  c.n.d.p.DiscoveryJerseyProvider - Using XML decoding codec XStreamXml
2024-06-09 13:05:38 INFO  c.n.eureka.cluster.PeerEurekaNodes - Replica node URL:  http://localhost:8761/eureka/
2024-06-09 13:05:38 INFO  c.n.e.r.AbstractInstanceRegistry - Finished initializing remote region registries. All known remote regions: []
2024-06-09 13:05:38 INFO  c.n.e.DefaultEurekaServerContext - Initialized
2024-06-09 13:05:38 INFO  o.s.c.n.e.s.EurekaServiceRegistry - Registering application DISCOVERYSERVICE with eureka with status UP
2024-06-09 13:05:38 INFO  o.a.coyote.http11.Http11NioProtocol - Starting ProtocolHandler ["http-nio-8761"]
2024-06-09 13:05:38 INFO  o.s.c.n.e.s.EurekaServerBootstrap - isAws returned false
2024-06-09 13:05:38 INFO  o.s.c.n.e.s.EurekaServerBootstrap - Initialized server context
2024-06-09 13:05:38 INFO  c.n.e.r.PeerAwareInstanceRegistryImpl - Got 1 instances from neighboring DS node
2024-06-09 13:05:38 INFO  c.n.e.r.PeerAwareInstanceRegistryImpl - Renew threshold is: 1
2024-06-09 13:05:38 INFO  c.n.e.r.PeerAwareInstanceRegistryImpl - Changing status to UP
2024-06-09 13:05:38 INFO  o.s.c.n.e.s.EurekaServerInitializerConfiguration - Started Eureka Server
2024-06-09 13:05:38 INFO  o.s.b.w.e.tomcat.TomcatWebServer - Tomcat started on port 8761 (http) with context path ''
2024-06-09 13:05:38 INFO  o.s.c.n.e.s.EurekaAutoServiceRegistration - Updating port to 8761
2024-06-09 13:05:39 INFO  o.s.cloud.commons.util.InetUtils - Cannot determine local hostname
2024-06-09 13:05:39 INFO  c.f.d.DiscoveryserviceApplication - Started DiscoveryserviceApplication in 15.164 seconds (process running for 16.304)
2024-06-09 13:06:00 DEBUG c.n.e.registry.ResponseCacheImpl - Updating the client cache from response cache
2024-06-09 13:06:20 DEBUG c.n.e.r.AbstractInstanceRegistry - Fetching applications registry with remote regions: false, Regions argument []
2024-06-09 13:06:20 DEBUG c.n.e.registry.ResponseCacheImpl - New application cache entry {name=ALL_APPS, type=Application, format=JSON} with apps hashcode 
2024-06-09 13:06:20 DEBUG c.n.e.resources.ApplicationResource - Registering instance localhost:userservice:8081 (replication=null)
2024-06-09 13:06:20 DEBUG c.n.e.r.AbstractInstanceRegistry - No previous lease information found; it is new registration
2024-06-09 13:06:20 DEBUG c.n.e.r.AbstractInstanceRegistry - Processing override status using rule: [com.netflix.eureka.registry.rule.DownOrStartingRule, com.netflix.eureka.registry.rule.OverrideExistsRule, com.netflix.eureka.registry.rule.LeaseExistsRule, com.netflix.eureka.registry.rule.AlwaysMatchInstanceStatusRule]
2024-06-09 13:06:20 DEBUG c.n.e.r.r.AlwaysMatchInstanceStatusRule - Returning the default instance status UP for instance localhost:userservice:8081
2024-06-09 13:06:20 DEBUG c.n.e.registry.ResponseCacheImpl - Invalidating the response cache key : Application USERSERVICE V1 JSON, full
2024-06-09 13:06:20 DEBUG c.n.e.registry.ResponseCacheImpl - Invalidating the response cache key : Application USERSERVICE V1 JSON, compact
2024-06-09 13:06:20 DEBUG c.n.e.registry.ResponseCacheImpl - Invalidating the response cache key : Application ALL_APPS V1 JSON, full
2024-06-09 13:06:20 DEBUG c.n.e.registry.ResponseCacheImpl - Invalidating the response cache key : Application ALL_APPS V1 JSON, compact
2024-06-09 13:06:20 DEBUG c.n.e.registry.ResponseCacheImpl - Invalidating the response cache key : Application ALL_APPS_DELTA V1 JSON, full
2024-06-09 13:06:20 DEBUG c.n.e.registry.ResponseCacheImpl - Invalidating the response cache key : Application ALL_APPS_DELTA V1 JSON, compact
2024-06-09 13:06:20 DEBUG c.n.e.registry.ResponseCacheImpl - Invalidating the response cache key : VIP userservice V1 JSON, full
2024-06-09 13:06:20 DEBUG c.n.e.registry.ResponseCacheImpl - Invalidating the response cache key : SVIP userservice V1 JSON, full
2024-06-09 13:06:20 DEBUG c.n.e.registry.ResponseCacheImpl - Invalidating the response cache key : Application USERSERVICE V2 JSON, full
2024-06-09 13:06:20 DEBUG c.n.e.registry.ResponseCacheImpl - Invalidating the response cache key : Application USERSERVICE V2 JSON, compact
2024-06-09 13:06:20 DEBUG c.n.e.registry.ResponseCacheImpl - Invalidating the response cache key : Application ALL_APPS V2 JSON, full
2024-06-09 13:06:20 DEBUG c.n.e.registry.ResponseCacheImpl - Invalidating the response cache key : Application ALL_APPS V2 JSON, compact
2024-06-09 13:06:20 DEBUG c.n.e.registry.ResponseCacheImpl - Invalidating the response cache key : Application ALL_APPS_DELTA V2 JSON, full
2024-06-09 13:06:20 DEBUG c.n.e.registry.ResponseCacheImpl - Invalidating the response cache key : Application ALL_APPS_DELTA V2 JSON, compact
2024-06-09 13:06:20 DEBUG c.n.e.registry.ResponseCacheImpl - Invalidating the response cache key : VIP userservice V2 JSON, full
2024-06-09 13:06:20 DEBUG c.n.e.registry.ResponseCacheImpl - Invalidating the response cache key : SVIP userservice V2 JSON, full
2024-06-09 13:06:20 DEBUG c.n.e.registry.ResponseCacheImpl - Invalidating the response cache key : Application USERSERVICE V1 XML, full
2024-06-09 13:06:20 DEBUG c.n.e.registry.ResponseCacheImpl - Invalidating the response cache key : Application USERSERVICE V1 XML, compact
2024-06-09 13:06:20 DEBUG c.n.e.registry.ResponseCacheImpl - Invalidating the response cache key : Application ALL_APPS V1 XML, full
2024-06-09 13:06:20 DEBUG c.n.e.registry.ResponseCacheImpl - Invalidating the response cache key : Application ALL_APPS V1 XML, compact
2024-06-09 13:06:20 DEBUG c.n.e.registry.ResponseCacheImpl - Invalidating the response cache key : Application ALL_APPS_DELTA V1 XML, full
2024-06-09 13:06:20 DEBUG c.n.e.registry.ResponseCacheImpl - Invalidating the response cache key : Application ALL_APPS_DELTA V1 XML, compact
2024-06-09 13:06:20 DEBUG c.n.e.registry.ResponseCacheImpl - Invalidating the response cache key : VIP userservice V1 XML, full
2024-06-09 13:06:20 DEBUG c.n.e.registry.ResponseCacheImpl - Invalidating the response cache key : SVIP userservice V1 XML, full
2024-06-09 13:06:20 DEBUG c.n.e.registry.ResponseCacheImpl - Invalidating the response cache key : Application USERSERVICE V2 XML, full
2024-06-09 13:06:20 DEBUG c.n.e.registry.ResponseCacheImpl - Invalidating the response cache key : Application USERSERVICE V2 XML, compact
2024-06-09 13:06:20 DEBUG c.n.e.registry.ResponseCacheImpl - Invalidating the response cache key : Application ALL_APPS V2 XML, full
2024-06-09 13:06:20 DEBUG c.n.e.registry.ResponseCacheImpl - Invalidating the response cache key : Application ALL_APPS V2 XML, compact
2024-06-09 13:06:20 DEBUG c.n.e.registry.ResponseCacheImpl - Invalidating the response cache key : Application ALL_APPS_DELTA V2 XML, full
2024-06-09 13:06:20 DEBUG c.n.e.registry.ResponseCacheImpl - Invalidating the response cache key : Application ALL_APPS_DELTA V2 XML, compact
2024-06-09 13:06:20 DEBUG c.n.e.registry.ResponseCacheImpl - Invalidating the response cache key : VIP userservice V2 XML, full
2024-06-09 13:06:20 DEBUG c.n.e.registry.ResponseCacheImpl - Invalidating the response cache key : SVIP userservice V2 XML, full
2024-06-09 13:06:20 INFO  c.n.e.r.AbstractInstanceRegistry - Registered instance USERSERVICE/localhost:userservice:8081 with status UP (replication=false)
2024-06-09 13:06:21 DEBUG c.n.e.resources.ApplicationResource - Registering instance localhost:userservice:8081 (replication=true)
2024-06-09 13:06:21 DEBUG c.n.e.r.AbstractInstanceRegistry - Existing lease found (existing=1717927580247, provided=1717927580247
2024-06-09 13:06:21 DEBUG c.n.e.r.AbstractInstanceRegistry - Processing override status using rule: [com.netflix.eureka.registry.rule.DownOrStartingRule, com.netflix.eureka.registry.rule.OverrideExistsRule, com.netflix.eureka.registry.rule.LeaseExistsRule, com.netflix.eureka.registry.rule.AlwaysMatchInstanceStatusRule]
2024-06-09 13:06:21 DEBUG c.n.e.r.r.AlwaysMatchInstanceStatusRule - Returning the default instance status UP for instance localhost:userservice:8081
2024-06-09 13:06:21 DEBUG c.n.e.registry.ResponseCacheImpl - Invalidating the response cache key : Application USERSERVICE V1 JSON, full
2024-06-09 13:06:21 DEBUG c.n.e.registry.ResponseCacheImpl - Invalidating the response cache key : Application USERSERVICE V1 JSON, compact
2024-06-09 13:06:21 DEBUG c.n.e.registry.ResponseCacheImpl - Invalidating the response cache key : Application ALL_APPS V1 JSON, full
2024-06-09 13:06:21 DEBUG c.n.e.registry.ResponseCacheImpl - Invalidating the response cache key : Application ALL_APPS V1 JSON, compact
2024-06-09 13:06:21 DEBUG c.n.e.registry.ResponseCacheImpl - Invalidating the response cache key : Application ALL_APPS_DELTA V1 JSON, full
2024-06-09 13:06:21 DEBUG c.n.e.registry.ResponseCacheImpl - Invalidating the response cache key : Application ALL_APPS_DELTA V1 JSON, compact
2024-06-09 13:06:21 DEBUG c.n.e.registry.ResponseCacheImpl - Invalidating the response cache key : VIP userservice V1 JSON, full
2024-06-09 13:06:21 DEBUG c.n.e.registry.ResponseCacheImpl - Invalidating the response cache key : SVIP userservice V1 JSON, full
2024-06-09 13:06:21 DEBUG c.n.e.registry.ResponseCacheImpl - Invalidating the response cache key : Application USERSERVICE V2 JSON, full
2024-06-09 13:06:21 DEBUG c.n.e.registry.ResponseCacheImpl - Invalidating the response cache key : Application USERSERVICE V2 JSON, compact
2024-06-09 13:06:21 DEBUG c.n.e.registry.ResponseCacheImpl - Invalidating the response cache key : Application ALL_APPS V2 JSON, full
2024-06-09 13:06:21 DEBUG c.n.e.registry.ResponseCacheImpl - Invalidating the response cache key : Application ALL_APPS V2 JSON, compact
2024-06-09 13:06:21 DEBUG c.n.e.registry.ResponseCacheImpl - Invalidating the response cache key : Application ALL_APPS_DELTA V2 JSON, full
2024-06-09 13:06:21 DEBUG c.n.e.registry.ResponseCacheImpl - Invalidating the response cache key : Application ALL_APPS_DELTA V2 JSON, compact
2024-06-09 13:06:21 DEBUG c.n.e.registry.ResponseCacheImpl - Invalidating the response cache key : VIP userservice V2 JSON, full
2024-06-09 13:06:21 DEBUG c.n.e.registry.ResponseCacheImpl - Invalidating the response cache key : SVIP userservice V2 JSON, full
2024-06-09 13:06:21 DEBUG c.n.e.registry.ResponseCacheImpl - Invalidating the response cache key : Application USERSERVICE V1 XML, full
2024-06-09 13:06:21 DEBUG c.n.e.registry.ResponseCacheImpl - Invalidating the response cache key : Application USERSERVICE V1 XML, compact
2024-06-09 13:06:21 DEBUG c.n.e.registry.ResponseCacheImpl - Invalidating the response cache key : Application ALL_APPS V1 XML, full
2024-06-09 13:06:21 DEBUG c.n.e.registry.ResponseCacheImpl - Invalidating the response cache key : Application ALL_APPS V1 XML, compact
2024-06-09 13:06:21 DEBUG c.n.e.registry.ResponseCacheImpl - Invalidating the response cache key : Application ALL_APPS_DELTA V1 XML, full
2024-06-09 13:06:21 DEBUG c.n.e.registry.ResponseCacheImpl - Invalidating the response cache key : Application ALL_APPS_DELTA V1 XML, compact
2024-06-09 13:06:21 DEBUG c.n.e.registry.ResponseCacheImpl - Invalidating the response cache key : VIP userservice V1 XML, full
2024-06-09 13:06:21 DEBUG c.n.e.registry.ResponseCacheImpl - Invalidating the response cache key : SVIP userservice V1 XML, full
2024-06-09 13:06:21 DEBUG c.n.e.registry.ResponseCacheImpl - Invalidating the response cache key : Application USERSERVICE V2 XML, full
2024-06-09 13:06:21 DEBUG c.n.e.registry.ResponseCacheImpl - Invalidating the response cache key : Application USERSERVICE V2 XML, compact
2024-06-09 13:06:21 DEBUG c.n.e.registry.ResponseCacheImpl - Invalidating the response cache key : Application ALL_APPS V2 XML, full
2024-06-09 13:06:21 DEBUG c.n.e.registry.ResponseCacheImpl - Invalidating the response cache key : Application ALL_APPS V2 XML, compact
2024-06-09 13:06:21 DEBUG c.n.e.registry.ResponseCacheImpl - Invalidating the response cache key : Application ALL_APPS_DELTA V2 XML, full
2024-06-09 13:06:21 DEBUG c.n.e.registry.ResponseCacheImpl - Invalidating the response cache key : Application ALL_APPS_DELTA V2 XML, compact
2024-06-09 13:06:21 DEBUG c.n.e.registry.ResponseCacheImpl - Invalidating the response cache key : VIP userservice V2 XML, full
2024-06-09 13:06:21 DEBUG c.n.e.registry.ResponseCacheImpl - Invalidating the response cache key : SVIP userservice V2 XML, full
2024-06-09 13:06:21 INFO  c.n.e.r.AbstractInstanceRegistry - Registered instance USERSERVICE/localhost:userservice:8081 with status UP (replication=true)
2024-06-09 13:06:30 DEBUG c.n.e.registry.ResponseCacheImpl - Updating the client cache from response cache
2024-06-09 13:06:30 DEBUG c.n.e.registry.ResponseCacheImpl - Updating the client cache from response cache for key : Application ALL_APPS V2 JSON
2024-06-09 13:06:30 DEBUG c.n.e.r.AbstractInstanceRegistry - Fetching applications registry with remote regions: false, Regions argument []
2024-06-09 13:06:30 DEBUG c.n.e.registry.ResponseCacheImpl - New application cache entry {name=ALL_APPS, type=Application, format=JSON} with apps hashcode UP_1_
2024-06-09 13:06:38 INFO  c.n.e.r.AbstractInstanceRegistry - Running the evict task with compensationTime 0ms
2024-06-09 13:06:38 DEBUG c.n.e.r.AbstractInstanceRegistry - Running the evict task
2024-06-09 13:06:38 DEBUG c.n.e.r.AbstractInstanceRegistry - DS: lease expiration is currently disabled.
2024-06-09 13:06:50 DEBUG c.n.e.r.AbstractInstanceRegistry - Processing override status using rule: [com.netflix.eureka.registry.rule.DownOrStartingRule, com.netflix.eureka.registry.rule.OverrideExistsRule, com.netflix.eureka.registry.rule.LeaseExistsRule, com.netflix.eureka.registry.rule.AlwaysMatchInstanceStatusRule]
2024-06-09 13:06:50 DEBUG c.n.e.registry.rule.LeaseExistsRule - There is already an existing lease with status UP  for instance localhost:userservice:8081
2024-06-09 13:06:50 DEBUG c.n.e.resources.InstanceResource - Found (Renew): USERSERVICE - localhost:userservice:8081; reply status=200
2024-06-09 13:06:50 DEBUG c.n.e.r.AbstractInstanceRegistry - Processing override status using rule: [com.netflix.eureka.registry.rule.DownOrStartingRule, com.netflix.eureka.registry.rule.OverrideExistsRule, com.netflix.eureka.registry.rule.LeaseExistsRule, com.netflix.eureka.registry.rule.AlwaysMatchInstanceStatusRule]
2024-06-09 13:06:50 DEBUG c.n.e.r.r.AlwaysMatchInstanceStatusRule - Returning the default instance status UP for instance localhost:userservice:8081
2024-06-09 13:06:50 DEBUG c.n.e.resources.InstanceResource - Found (Renew): USERSERVICE - localhost:userservice:8081; reply status=200
2024-06-09 13:07:00 DEBUG c.n.e.registry.ResponseCacheImpl - Updating the client cache from response cache
2024-06-09 13:07:00 DEBUG c.n.e.registry.ResponseCacheImpl - Updating the client cache from response cache for key : Application ALL_APPS V2 JSON
2024-06-09 13:07:20 DEBUG c.n.e.r.AbstractInstanceRegistry - The number of elements in the delta queue is : 2
2024-06-09 13:07:20 DEBUG c.n.e.r.AbstractInstanceRegistry - The instance id localhost:userservice:8081 is found with status UP and actiontype ADDED
2024-06-09 13:07:20 DEBUG c.n.e.r.AbstractInstanceRegistry - The instance id localhost:userservice:8081 is found with status UP and actiontype ADDED
2024-06-09 13:07:20 DEBUG c.n.e.registry.ResponseCacheImpl - New application cache entry {name=ALL_APPS_DELTA, type=Application, format=JSON} with apps hashcode UP_1_
2024-06-09 13:07:20 DEBUG c.n.e.r.AbstractInstanceRegistry - Processing override status using rule: [com.netflix.eureka.registry.rule.DownOrStartingRule, com.netflix.eureka.registry.rule.OverrideExistsRule, com.netflix.eureka.registry.rule.LeaseExistsRule, com.netflix.eureka.registry.rule.AlwaysMatchInstanceStatusRule]
2024-06-09 13:07:20 DEBUG c.n.e.registry.rule.LeaseExistsRule - There is already an existing lease with status UP  for instance localhost:userservice:8081
2024-06-09 13:07:20 DEBUG c.n.e.resources.InstanceResource - Found (Renew): USERSERVICE - localhost:userservice:8081; reply status=200
2024-06-09 13:07:20 DEBUG c.n.e.r.AbstractInstanceRegistry - Processing override status using rule: [com.netflix.eureka.registry.rule.DownOrStartingRule, com.netflix.eureka.registry.rule.OverrideExistsRule, com.netflix.eureka.registry.rule.LeaseExistsRule, com.netflix.eureka.registry.rule.AlwaysMatchInstanceStatusRule]
2024-06-09 13:07:20 DEBUG c.n.e.r.r.AlwaysMatchInstanceStatusRule - Returning the default instance status UP for instance localhost:userservice:8081
2024-06-09 13:07:20 DEBUG c.n.e.resources.InstanceResource - Found (Renew): USERSERVICE - localhost:userservice:8081; reply status=200
2024-06-09 13:07:30 DEBUG c.n.e.registry.ResponseCacheImpl - Updating the client cache from response cache
2024-06-09 13:07:30 DEBUG c.n.e.registry.ResponseCacheImpl - Updating the client cache from response cache for key : Application ALL_APPS_DELTA V2 JSON
2024-06-09 13:07:30 DEBUG c.n.e.registry.ResponseCacheImpl - Updating the client cache from response cache for key : Application ALL_APPS V2 JSON
2024-06-09 13:07:38 INFO  c.n.e.r.AbstractInstanceRegistry - Running the evict task with compensationTime 0ms
2024-06-09 13:07:38 DEBUG c.n.e.r.AbstractInstanceRegistry - Running the evict task
2024-06-09 13:07:50 DEBUG c.n.e.r.AbstractInstanceRegistry - Processing override status using rule: [com.netflix.eureka.registry.rule.DownOrStartingRule, com.netflix.eureka.registry.rule.OverrideExistsRule, com.netflix.eureka.registry.rule.LeaseExistsRule, com.netflix.eureka.registry.rule.AlwaysMatchInstanceStatusRule]
2024-06-09 13:07:50 DEBUG c.n.e.registry.rule.LeaseExistsRule - There is already an existing lease with status UP  for instance localhost:userservice:8081
2024-06-09 13:07:50 DEBUG c.n.e.resources.InstanceResource - Found (Renew): USERSERVICE - localhost:userservice:8081; reply status=200
2024-06-09 13:07:50 DEBUG c.n.e.r.AbstractInstanceRegistry - Processing override status using rule: [com.netflix.eureka.registry.rule.DownOrStartingRule, com.netflix.eureka.registry.rule.OverrideExistsRule, com.netflix.eureka.registry.rule.LeaseExistsRule, com.netflix.eureka.registry.rule.AlwaysMatchInstanceStatusRule]
2024-06-09 13:07:50 DEBUG c.n.e.r.r.AlwaysMatchInstanceStatusRule - Returning the default instance status UP for instance localhost:userservice:8081
2024-06-09 13:07:50 DEBUG c.n.e.resources.InstanceResource - Found (Renew): USERSERVICE - localhost:userservice:8081; reply status=200
2024-06-09 13:08:00 DEBUG c.n.e.registry.ResponseCacheImpl - Updating the client cache from response cache
2024-06-09 13:08:00 DEBUG c.n.e.registry.ResponseCacheImpl - Updating the client cache from response cache for key : Application ALL_APPS_DELTA V2 JSON
2024-06-09 13:08:00 DEBUG c.n.e.registry.ResponseCacheImpl - Updating the client cache from response cache for key : Application ALL_APPS V2 JSON
2024-06-09 13:08:20 DEBUG c.n.e.r.AbstractInstanceRegistry - Processing override status using rule: [com.netflix.eureka.registry.rule.DownOrStartingRule, com.netflix.eureka.registry.rule.OverrideExistsRule, com.netflix.eureka.registry.rule.LeaseExistsRule, com.netflix.eureka.registry.rule.AlwaysMatchInstanceStatusRule]
2024-06-09 13:08:20 DEBUG c.n.e.registry.rule.LeaseExistsRule - There is already an existing lease with status UP  for instance localhost:userservice:8081
2024-06-09 13:08:20 DEBUG c.n.e.resources.InstanceResource - Found (Renew): USERSERVICE - localhost:userservice:8081; reply status=200
2024-06-09 13:08:20 DEBUG c.n.e.r.AbstractInstanceRegistry - Processing override status using rule: [com.netflix.eureka.registry.rule.DownOrStartingRule, com.netflix.eureka.registry.rule.OverrideExistsRule, com.netflix.eureka.registry.rule.LeaseExistsRule, com.netflix.eureka.registry.rule.AlwaysMatchInstanceStatusRule]
2024-06-09 13:08:20 DEBUG c.n.e.r.r.AlwaysMatchInstanceStatusRule - Returning the default instance status UP for instance localhost:userservice:8081
2024-06-09 13:08:20 DEBUG c.n.e.resources.InstanceResource - Found (Renew): USERSERVICE - localhost:userservice:8081; reply status=200
2024-06-09 13:08:30 DEBUG c.n.e.registry.ResponseCacheImpl - Updating the client cache from response cache
2024-06-09 13:08:30 DEBUG c.n.e.registry.ResponseCacheImpl - Updating the client cache from response cache for key : Application ALL_APPS_DELTA V2 JSON
2024-06-09 13:08:30 DEBUG c.n.e.registry.ResponseCacheImpl - Updating the client cache from response cache for key : Application ALL_APPS V2 JSON
2024-06-09 13:08:38 INFO  c.n.e.r.AbstractInstanceRegistry - Running the evict task with compensationTime 3ms
2024-06-09 13:08:38 DEBUG c.n.e.r.AbstractInstanceRegistry - Running the evict task
2024-06-09 13:08:50 DEBUG c.n.e.r.AbstractInstanceRegistry - Processing override status using rule: [com.netflix.eureka.registry.rule.DownOrStartingRule, com.netflix.eureka.registry.rule.OverrideExistsRule, com.netflix.eureka.registry.rule.LeaseExistsRule, com.netflix.eureka.registry.rule.AlwaysMatchInstanceStatusRule]
2024-06-09 13:08:50 DEBUG c.n.e.registry.rule.LeaseExistsRule - There is already an existing lease with status UP  for instance localhost:userservice:8081
2024-06-09 13:08:50 DEBUG c.n.e.resources.InstanceResource - Found (Renew): USERSERVICE - localhost:userservice:8081; reply status=200
2024-06-09 13:08:50 DEBUG c.n.e.r.AbstractInstanceRegistry - Processing override status using rule: [com.netflix.eureka.registry.rule.DownOrStartingRule, com.netflix.eureka.registry.rule.OverrideExistsRule, com.netflix.eureka.registry.rule.LeaseExistsRule, com.netflix.eureka.registry.rule.AlwaysMatchInstanceStatusRule]
2024-06-09 13:08:50 DEBUG c.n.e.r.r.AlwaysMatchInstanceStatusRule - Returning the default instance status UP for instance localhost:userservice:8081
2024-06-09 13:08:50 DEBUG c.n.e.resources.InstanceResource - Found (Renew): USERSERVICE - localhost:userservice:8081; reply status=200
2024-06-09 13:09:00 DEBUG c.n.e.registry.ResponseCacheImpl - Updating the client cache from response cache
2024-06-09 13:09:00 DEBUG c.n.e.registry.ResponseCacheImpl - Updating the client cache from response cache for key : Application ALL_APPS_DELTA V2 JSON
2024-06-09 13:09:00 DEBUG c.n.e.registry.ResponseCacheImpl - Updating the client cache from response cache for key : Application ALL_APPS V2 JSON
2024-06-09 13:09:20 DEBUG c.n.e.r.AbstractInstanceRegistry - Processing override status using rule: [com.netflix.eureka.registry.rule.DownOrStartingRule, com.netflix.eureka.registry.rule.OverrideExistsRule, com.netflix.eureka.registry.rule.LeaseExistsRule, com.netflix.eureka.registry.rule.AlwaysMatchInstanceStatusRule]
2024-06-09 13:09:20 DEBUG c.n.e.registry.rule.LeaseExistsRule - There is already an existing lease with status UP  for instance localhost:userservice:8081
2024-06-09 13:09:20 DEBUG c.n.e.resources.InstanceResource - Found (Renew): USERSERVICE - localhost:userservice:8081; reply status=200
2024-06-09 13:09:20 DEBUG c.n.e.r.AbstractInstanceRegistry - Processing override status using rule: [com.netflix.eureka.registry.rule.DownOrStartingRule, com.netflix.eureka.registry.rule.OverrideExistsRule, com.netflix.eureka.registry.rule.LeaseExistsRule, com.netflix.eureka.registry.rule.AlwaysMatchInstanceStatusRule]
2024-06-09 13:09:20 DEBUG c.n.e.r.r.AlwaysMatchInstanceStatusRule - Returning the default instance status UP for instance localhost:userservice:8081
2024-06-09 13:09:20 DEBUG c.n.e.resources.InstanceResource - Found (Renew): USERSERVICE - localhost:userservice:8081; reply status=200
2024-06-09 13:09:30 DEBUG c.n.e.registry.ResponseCacheImpl - Updating the client cache from response cache
2024-06-09 13:09:30 DEBUG c.n.e.registry.ResponseCacheImpl - Updating the client cache from response cache for key : Application ALL_APPS_DELTA V2 JSON
2024-06-09 13:09:30 DEBUG c.n.e.registry.ResponseCacheImpl - Updating the client cache from response cache for key : Application ALL_APPS V2 JSON
2024-06-09 13:09:30 DEBUG c.n.e.r.AbstractInstanceRegistry - Fetching applications registry with remote regions: false, Regions argument []
2024-06-09 13:09:30 DEBUG c.n.e.registry.ResponseCacheImpl - New application cache entry {name=ALL_APPS, type=Application, format=JSON} with apps hashcode UP_1_
2024-06-09 13:09:38 INFO  c.n.e.r.AbstractInstanceRegistry - Running the evict task with compensationTime 0ms
2024-06-09 13:09:38 DEBUG c.n.e.r.AbstractInstanceRegistry - Running the evict task
2024-06-09 13:09:50 DEBUG c.n.e.r.AbstractInstanceRegistry - Processing override status using rule: [com.netflix.eureka.registry.rule.DownOrStartingRule, com.netflix.eureka.registry.rule.OverrideExistsRule, com.netflix.eureka.registry.rule.LeaseExistsRule, com.netflix.eureka.registry.rule.AlwaysMatchInstanceStatusRule]
2024-06-09 13:09:50 DEBUG c.n.e.registry.rule.LeaseExistsRule - There is already an existing lease with status UP  for instance localhost:userservice:8081
2024-06-09 13:09:50 DEBUG c.n.e.resources.InstanceResource - Found (Renew): USERSERVICE - localhost:userservice:8081; reply status=200
2024-06-09 13:09:50 DEBUG c.n.e.r.AbstractInstanceRegistry - Processing override status using rule: [com.netflix.eureka.registry.rule.DownOrStartingRule, com.netflix.eureka.registry.rule.OverrideExistsRule, com.netflix.eureka.registry.rule.LeaseExistsRule, com.netflix.eureka.registry.rule.AlwaysMatchInstanceStatusRule]
2024-06-09 13:09:50 DEBUG c.n.e.r.r.AlwaysMatchInstanceStatusRule - Returning the default instance status UP for instance localhost:userservice:8081
2024-06-09 13:09:50 DEBUG c.n.e.resources.InstanceResource - Found (Renew): USERSERVICE - localhost:userservice:8081; reply status=200
2024-06-09 13:10:00 DEBUG c.n.e.registry.ResponseCacheImpl - Updating the client cache from response cache
2024-06-09 13:10:00 DEBUG c.n.e.registry.ResponseCacheImpl - Updating the client cache from response cache for key : Application ALL_APPS_DELTA V2 JSON
2024-06-09 13:10:00 DEBUG c.n.e.registry.ResponseCacheImpl - Updating the client cache from response cache for key : Application ALL_APPS V2 JSON
2024-06-09 13:10:20 DEBUG c.n.e.r.AbstractInstanceRegistry - Processing override status using rule: [com.netflix.eureka.registry.rule.DownOrStartingRule, com.netflix.eureka.registry.rule.OverrideExistsRule, com.netflix.eureka.registry.rule.LeaseExistsRule, com.netflix.eureka.registry.rule.AlwaysMatchInstanceStatusRule]
2024-06-09 13:10:20 DEBUG c.n.e.registry.rule.LeaseExistsRule - There is already an existing lease with status UP  for instance localhost:userservice:8081
2024-06-09 13:10:20 DEBUG c.n.e.resources.InstanceResource - Found (Renew): USERSERVICE - localhost:userservice:8081; reply status=200
2024-06-09 13:10:21 DEBUG c.n.e.r.AbstractInstanceRegistry - Processing override status using rule: [com.netflix.eureka.registry.rule.DownOrStartingRule, com.netflix.eureka.registry.rule.OverrideExistsRule, com.netflix.eureka.registry.rule.LeaseExistsRule, com.netflix.eureka.registry.rule.AlwaysMatchInstanceStatusRule]
2024-06-09 13:10:21 DEBUG c.n.e.r.r.AlwaysMatchInstanceStatusRule - Returning the default instance status UP for instance localhost:userservice:8081
2024-06-09 13:10:21 DEBUG c.n.e.resources.InstanceResource - Found (Renew): USERSERVICE - localhost:userservice:8081; reply status=200
2024-06-09 13:10:30 DEBUG c.n.e.registry.ResponseCacheImpl - Updating the client cache from response cache
2024-06-09 13:10:30 DEBUG c.n.e.registry.ResponseCacheImpl - Updating the client cache from response cache for key : Application ALL_APPS_DELTA V2 JSON
2024-06-09 13:10:30 DEBUG c.n.e.r.AbstractInstanceRegistry - The number of elements in the delta queue is : 0
2024-06-09 13:10:30 DEBUG c.n.e.registry.ResponseCacheImpl - New application cache entry {name=ALL_APPS_DELTA, type=Application, format=JSON} with apps hashcode UP_1_
2024-06-09 13:10:30 DEBUG c.n.e.registry.ResponseCacheImpl - Updating the client cache from response cache for key : Application ALL_APPS V2 JSON
2024-06-09 13:10:38 INFO  c.n.e.r.AbstractInstanceRegistry - Running the evict task with compensationTime 0ms
2024-06-09 13:10:38 DEBUG c.n.e.r.AbstractInstanceRegistry - Running the evict task
2024-06-09 13:10:50 DEBUG c.n.e.r.AbstractInstanceRegistry - Processing override status using rule: [com.netflix.eureka.registry.rule.DownOrStartingRule, com.netflix.eureka.registry.rule.OverrideExistsRule, com.netflix.eureka.registry.rule.LeaseExistsRule, com.netflix.eureka.registry.rule.AlwaysMatchInstanceStatusRule]
2024-06-09 13:10:50 DEBUG c.n.e.registry.rule.LeaseExistsRule - There is already an existing lease with status UP  for instance localhost:userservice:8081
2024-06-09 13:10:50 DEBUG c.n.e.resources.InstanceResource - Found (Renew): USERSERVICE - localhost:userservice:8081; reply status=200
2024-06-09 13:10:51 DEBUG c.n.e.r.AbstractInstanceRegistry - Processing override status using rule: [com.netflix.eureka.registry.rule.DownOrStartingRule, com.netflix.eureka.registry.rule.OverrideExistsRule, com.netflix.eureka.registry.rule.LeaseExistsRule, com.netflix.eureka.registry.rule.AlwaysMatchInstanceStatusRule]
2024-06-09 13:10:51 DEBUG c.n.e.r.r.AlwaysMatchInstanceStatusRule - Returning the default instance status UP for instance localhost:userservice:8081
2024-06-09 13:10:51 DEBUG c.n.e.resources.InstanceResource - Found (Renew): USERSERVICE - localhost:userservice:8081; reply status=200
2024-06-09 13:11:00 DEBUG c.n.e.registry.ResponseCacheImpl - Updating the client cache from response cache
2024-06-09 13:11:00 DEBUG c.n.e.registry.ResponseCacheImpl - Updating the client cache from response cache for key : Application ALL_APPS_DELTA V2 JSON
2024-06-09 13:11:00 DEBUG c.n.e.registry.ResponseCacheImpl - Updating the client cache from response cache for key : Application ALL_APPS V2 JSON
2024-06-09 13:11:20 DEBUG c.n.e.r.AbstractInstanceRegistry - Processing override status using rule: [com.netflix.eureka.registry.rule.DownOrStartingRule, com.netflix.eureka.registry.rule.OverrideExistsRule, com.netflix.eureka.registry.rule.LeaseExistsRule, com.netflix.eureka.registry.rule.AlwaysMatchInstanceStatusRule]
2024-06-09 13:11:20 DEBUG c.n.e.registry.rule.LeaseExistsRule - There is already an existing lease with status UP  for instance localhost:userservice:8081
2024-06-09 13:11:20 DEBUG c.n.e.resources.InstanceResource - Found (Renew): USERSERVICE - localhost:userservice:8081; reply status=200
2024-06-09 13:11:21 DEBUG c.n.e.r.AbstractInstanceRegistry - Processing override status using rule: [com.netflix.eureka.registry.rule.DownOrStartingRule, com.netflix.eureka.registry.rule.OverrideExistsRule, com.netflix.eureka.registry.rule.LeaseExistsRule, com.netflix.eureka.registry.rule.AlwaysMatchInstanceStatusRule]
2024-06-09 13:11:21 DEBUG c.n.e.r.r.AlwaysMatchInstanceStatusRule - Returning the default instance status UP for instance localhost:userservice:8081
2024-06-09 13:11:21 DEBUG c.n.e.resources.InstanceResource - Found (Renew): USERSERVICE - localhost:userservice:8081; reply status=200
2024-06-09 13:11:30 DEBUG c.n.e.registry.ResponseCacheImpl - Updating the client cache from response cache
2024-06-09 13:11:30 DEBUG c.n.e.registry.ResponseCacheImpl - Updating the client cache from response cache for key : Application ALL_APPS_DELTA V2 JSON
2024-06-09 13:11:30 DEBUG c.n.e.registry.ResponseCacheImpl - Updating the client cache from response cache for key : Application ALL_APPS V2 JSON
2024-06-09 13:11:38 INFO  c.n.e.r.AbstractInstanceRegistry - Running the evict task with compensationTime 0ms
2024-06-09 13:11:38 DEBUG c.n.e.r.AbstractInstanceRegistry - Running the evict task
2024-06-09 13:11:50 DEBUG c.n.e.r.AbstractInstanceRegistry - Processing override status using rule: [com.netflix.eureka.registry.rule.DownOrStartingRule, com.netflix.eureka.registry.rule.OverrideExistsRule, com.netflix.eureka.registry.rule.LeaseExistsRule, com.netflix.eureka.registry.rule.AlwaysMatchInstanceStatusRule]
2024-06-09 13:11:50 DEBUG c.n.e.registry.rule.LeaseExistsRule - There is already an existing lease with status UP  for instance localhost:userservice:8081
2024-06-09 13:11:50 DEBUG c.n.e.resources.InstanceResource - Found (Renew): USERSERVICE - localhost:userservice:8081; reply status=200
2024-06-09 13:11:51 DEBUG c.n.e.r.AbstractInstanceRegistry - Processing override status using rule: [com.netflix.eureka.registry.rule.DownOrStartingRule, com.netflix.eureka.registry.rule.OverrideExistsRule, com.netflix.eureka.registry.rule.LeaseExistsRule, com.netflix.eureka.registry.rule.AlwaysMatchInstanceStatusRule]
2024-06-09 13:11:51 DEBUG c.n.e.r.r.AlwaysMatchInstanceStatusRule - Returning the default instance status UP for instance localhost:userservice:8081
2024-06-09 13:11:51 DEBUG c.n.e.resources.InstanceResource - Found (Renew): USERSERVICE - localhost:userservice:8081; reply status=200
2024-06-09 13:12:00 DEBUG c.n.e.registry.ResponseCacheImpl - Updating the client cache from response cache
2024-06-09 13:12:00 DEBUG c.n.e.registry.ResponseCacheImpl - Updating the client cache from response cache for key : Application ALL_APPS_DELTA V2 JSON
2024-06-09 13:12:00 DEBUG c.n.e.registry.ResponseCacheImpl - Updating the client cache from response cache for key : Application ALL_APPS V2 JSON
2024-06-09 13:12:20 DEBUG c.n.e.r.AbstractInstanceRegistry - Processing override status using rule: [com.netflix.eureka.registry.rule.DownOrStartingRule, com.netflix.eureka.registry.rule.OverrideExistsRule, com.netflix.eureka.registry.rule.LeaseExistsRule, com.netflix.eureka.registry.rule.AlwaysMatchInstanceStatusRule]
2024-06-09 13:12:20 DEBUG c.n.e.registry.rule.LeaseExistsRule - There is already an existing lease with status UP  for instance localhost:userservice:8081
2024-06-09 13:12:20 DEBUG c.n.e.resources.InstanceResource - Found (Renew): USERSERVICE - localhost:userservice:8081; reply status=200
2024-06-09 13:12:21 DEBUG c.n.e.r.AbstractInstanceRegistry - Processing override status using rule: [com.netflix.eureka.registry.rule.DownOrStartingRule, com.netflix.eureka.registry.rule.OverrideExistsRule, com.netflix.eureka.registry.rule.LeaseExistsRule, com.netflix.eureka.registry.rule.AlwaysMatchInstanceStatusRule]
2024-06-09 13:12:21 DEBUG c.n.e.r.r.AlwaysMatchInstanceStatusRule - Returning the default instance status UP for instance localhost:userservice:8081
2024-06-09 13:12:21 DEBUG c.n.e.resources.InstanceResource - Found (Renew): USERSERVICE - localhost:userservice:8081; reply status=200
2024-06-09 13:12:30 DEBUG c.n.e.registry.ResponseCacheImpl - Updating the client cache from response cache
2024-06-09 13:12:30 DEBUG c.n.e.registry.ResponseCacheImpl - Updating the client cache from response cache for key : Application ALL_APPS_DELTA V2 JSON
2024-06-09 13:12:30 DEBUG c.n.e.registry.ResponseCacheImpl - Updating the client cache from response cache for key : Application ALL_APPS V2 JSON
2024-06-09 13:12:30 DEBUG c.n.e.r.AbstractInstanceRegistry - Fetching applications registry with remote regions: false, Regions argument []
2024-06-09 13:12:30 DEBUG c.n.e.registry.ResponseCacheImpl - New application cache entry {name=ALL_APPS, type=Application, format=JSON} with apps hashcode UP_1_
2024-06-09 13:12:38 INFO  c.n.e.r.AbstractInstanceRegistry - Running the evict task with compensationTime 14ms
2024-06-09 13:12:38 DEBUG c.n.e.r.AbstractInstanceRegistry - Running the evict task
2024-06-09 13:12:50 DEBUG c.n.e.r.AbstractInstanceRegistry - Processing override status using rule: [com.netflix.eureka.registry.rule.DownOrStartingRule, com.netflix.eureka.registry.rule.OverrideExistsRule, com.netflix.eureka.registry.rule.LeaseExistsRule, com.netflix.eureka.registry.rule.AlwaysMatchInstanceStatusRule]
2024-06-09 13:12:50 DEBUG c.n.e.registry.rule.LeaseExistsRule - There is already an existing lease with status UP  for instance localhost:userservice:8081
2024-06-09 13:12:50 DEBUG c.n.e.resources.InstanceResource - Found (Renew): USERSERVICE - localhost:userservice:8081; reply status=200
2024-06-09 13:12:51 DEBUG c.n.e.r.AbstractInstanceRegistry - Processing override status using rule: [com.netflix.eureka.registry.rule.DownOrStartingRule, com.netflix.eureka.registry.rule.OverrideExistsRule, com.netflix.eureka.registry.rule.LeaseExistsRule, com.netflix.eureka.registry.rule.AlwaysMatchInstanceStatusRule]
2024-06-09 13:12:51 DEBUG c.n.e.r.r.AlwaysMatchInstanceStatusRule - Returning the default instance status UP for instance localhost:userservice:8081
2024-06-09 13:12:51 DEBUG c.n.e.resources.InstanceResource - Found (Renew): USERSERVICE - localhost:userservice:8081; reply status=200
2024-06-09 13:13:00 DEBUG c.n.e.registry.ResponseCacheImpl - Updating the client cache from response cache
2024-06-09 13:13:00 DEBUG c.n.e.registry.ResponseCacheImpl - Updating the client cache from response cache for key : Application ALL_APPS_DELTA V2 JSON
2024-06-09 13:13:00 DEBUG c.n.e.registry.ResponseCacheImpl - Updating the client cache from response cache for key : Application ALL_APPS V2 JSON
2024-06-09 13:13:20 DEBUG c.n.e.r.AbstractInstanceRegistry - Processing override status using rule: [com.netflix.eureka.registry.rule.DownOrStartingRule, com.netflix.eureka.registry.rule.OverrideExistsRule, com.netflix.eureka.registry.rule.LeaseExistsRule, com.netflix.eureka.registry.rule.AlwaysMatchInstanceStatusRule]
2024-06-09 13:13:20 DEBUG c.n.e.registry.rule.LeaseExistsRule - There is already an existing lease with status UP  for instance localhost:userservice:8081
2024-06-09 13:13:20 DEBUG c.n.e.resources.InstanceResource - Found (Renew): USERSERVICE - localhost:userservice:8081; reply status=200
2024-06-09 13:13:21 DEBUG c.n.e.r.AbstractInstanceRegistry - Processing override status using rule: [com.netflix.eureka.registry.rule.DownOrStartingRule, com.netflix.eureka.registry.rule.OverrideExistsRule, com.netflix.eureka.registry.rule.LeaseExistsRule, com.netflix.eureka.registry.rule.AlwaysMatchInstanceStatusRule]
2024-06-09 13:13:21 DEBUG c.n.e.r.r.AlwaysMatchInstanceStatusRule - Returning the default instance status UP for instance localhost:userservice:8081
2024-06-09 13:13:21 DEBUG c.n.e.resources.InstanceResource - Found (Renew): USERSERVICE - localhost:userservice:8081; reply status=200
2024-06-09 13:13:30 DEBUG c.n.e.registry.ResponseCacheImpl - Updating the client cache from response cache
2024-06-09 13:13:30 DEBUG c.n.e.registry.ResponseCacheImpl - Updating the client cache from response cache for key : Application ALL_APPS_DELTA V2 JSON
2024-06-09 13:13:30 DEBUG c.n.e.r.AbstractInstanceRegistry - The number of elements in the delta queue is : 0
2024-06-09 13:13:30 DEBUG c.n.e.registry.ResponseCacheImpl - New application cache entry {name=ALL_APPS_DELTA, type=Application, format=JSON} with apps hashcode UP_1_
2024-06-09 13:13:30 DEBUG c.n.e.registry.ResponseCacheImpl - Updating the client cache from response cache for key : Application ALL_APPS V2 JSON
2024-06-09 13:13:38 INFO  c.n.e.r.AbstractInstanceRegistry - Running the evict task with compensationTime 0ms
2024-06-09 13:13:38 DEBUG c.n.e.r.AbstractInstanceRegistry - Running the evict task
2024-06-09 13:13:50 DEBUG c.n.e.r.AbstractInstanceRegistry - Processing override status using rule: [com.netflix.eureka.registry.rule.DownOrStartingRule, com.netflix.eureka.registry.rule.OverrideExistsRule, com.netflix.eureka.registry.rule.LeaseExistsRule, com.netflix.eureka.registry.rule.AlwaysMatchInstanceStatusRule]
2024-06-09 13:13:50 DEBUG c.n.e.registry.rule.LeaseExistsRule - There is already an existing lease with status UP  for instance localhost:userservice:8081
2024-06-09 13:13:50 DEBUG c.n.e.resources.InstanceResource - Found (Renew): USERSERVICE - localhost:userservice:8081; reply status=200
2024-06-09 13:13:51 DEBUG c.n.e.r.AbstractInstanceRegistry - Processing override status using rule: [com.netflix.eureka.registry.rule.DownOrStartingRule, com.netflix.eureka.registry.rule.OverrideExistsRule, com.netflix.eureka.registry.rule.LeaseExistsRule, com.netflix.eureka.registry.rule.AlwaysMatchInstanceStatusRule]
2024-06-09 13:13:51 DEBUG c.n.e.r.r.AlwaysMatchInstanceStatusRule - Returning the default instance status UP for instance localhost:userservice:8081
2024-06-09 13:13:51 DEBUG c.n.e.resources.InstanceResource - Found (Renew): USERSERVICE - localhost:userservice:8081; reply status=200
2024-06-09 13:14:00 DEBUG c.n.e.registry.ResponseCacheImpl - Updating the client cache from response cache
2024-06-09 13:14:00 DEBUG c.n.e.registry.ResponseCacheImpl - Updating the client cache from response cache for key : Application ALL_APPS_DELTA V2 JSON
2024-06-09 13:14:00 DEBUG c.n.e.registry.ResponseCacheImpl - Updating the client cache from response cache for key : Application ALL_APPS V2 JSON
2024-06-09 13:14:20 DEBUG c.n.e.r.AbstractInstanceRegistry - Processing override status using rule: [com.netflix.eureka.registry.rule.DownOrStartingRule, com.netflix.eureka.registry.rule.OverrideExistsRule, com.netflix.eureka.registry.rule.LeaseExistsRule, com.netflix.eureka.registry.rule.AlwaysMatchInstanceStatusRule]
2024-06-09 13:14:20 DEBUG c.n.e.registry.rule.LeaseExistsRule - There is already an existing lease with status UP  for instance localhost:userservice:8081
2024-06-09 13:14:20 DEBUG c.n.e.resources.InstanceResource - Found (Renew): USERSERVICE - localhost:userservice:8081; reply status=200
2024-06-09 13:14:21 DEBUG c.n.e.r.AbstractInstanceRegistry - Processing override status using rule: [com.netflix.eureka.registry.rule.DownOrStartingRule, com.netflix.eureka.registry.rule.OverrideExistsRule, com.netflix.eureka.registry.rule.LeaseExistsRule, com.netflix.eureka.registry.rule.AlwaysMatchInstanceStatusRule]
2024-06-09 13:14:21 DEBUG c.n.e.r.r.AlwaysMatchInstanceStatusRule - Returning the default instance status UP for instance localhost:userservice:8081
2024-06-09 13:14:21 DEBUG c.n.e.resources.InstanceResource - Found (Renew): USERSERVICE - localhost:userservice:8081; reply status=200
2024-06-09 13:14:30 DEBUG c.n.e.registry.ResponseCacheImpl - Updating the client cache from response cache
2024-06-09 13:14:30 DEBUG c.n.e.registry.ResponseCacheImpl - Updating the client cache from response cache for key : Application ALL_APPS_DELTA V2 JSON
2024-06-09 13:14:30 DEBUG c.n.e.registry.ResponseCacheImpl - Updating the client cache from response cache for key : Application ALL_APPS V2 JSON
2024-06-09 13:14:38 INFO  c.n.e.r.AbstractInstanceRegistry - Running the evict task with compensationTime 0ms
2024-06-09 13:14:38 DEBUG c.n.e.r.AbstractInstanceRegistry - Running the evict task
2024-06-09 13:14:50 DEBUG c.n.e.r.AbstractInstanceRegistry - Processing override status using rule: [com.netflix.eureka.registry.rule.DownOrStartingRule, com.netflix.eureka.registry.rule.OverrideExistsRule, com.netflix.eureka.registry.rule.LeaseExistsRule, com.netflix.eureka.registry.rule.AlwaysMatchInstanceStatusRule]
2024-06-09 13:14:50 DEBUG c.n.e.registry.rule.LeaseExistsRule - There is already an existing lease with status UP  for instance localhost:userservice:8081
2024-06-09 13:14:50 DEBUG c.n.e.resources.InstanceResource - Found (Renew): USERSERVICE - localhost:userservice:8081; reply status=200
2024-06-09 13:14:51 DEBUG c.n.e.r.AbstractInstanceRegistry - Processing override status using rule: [com.netflix.eureka.registry.rule.DownOrStartingRule, com.netflix.eureka.registry.rule.OverrideExistsRule, com.netflix.eureka.registry.rule.LeaseExistsRule, com.netflix.eureka.registry.rule.AlwaysMatchInstanceStatusRule]
2024-06-09 13:14:51 DEBUG c.n.e.r.r.AlwaysMatchInstanceStatusRule - Returning the default instance status UP for instance localhost:userservice:8081
2024-06-09 13:14:51 DEBUG c.n.e.resources.InstanceResource - Found (Renew): USERSERVICE - localhost:userservice:8081; reply status=200
2024-06-09 13:15:00 DEBUG c.n.e.registry.ResponseCacheImpl - Updating the client cache from response cache
2024-06-09 13:15:00 DEBUG c.n.e.registry.ResponseCacheImpl - Updating the client cache from response cache for key : Application ALL_APPS_DELTA V2 JSON
2024-06-09 13:15:00 DEBUG c.n.e.registry.ResponseCacheImpl - Updating the client cache from response cache for key : Application ALL_APPS V2 JSON
2024-06-09 13:15:20 DEBUG c.n.e.r.AbstractInstanceRegistry - Processing override status using rule: [com.netflix.eureka.registry.rule.DownOrStartingRule, com.netflix.eureka.registry.rule.OverrideExistsRule, com.netflix.eureka.registry.rule.LeaseExistsRule, com.netflix.eureka.registry.rule.AlwaysMatchInstanceStatusRule]
2024-06-09 13:15:20 DEBUG c.n.e.registry.rule.LeaseExistsRule - There is already an existing lease with status UP  for instance localhost:userservice:8081
2024-06-09 13:15:20 DEBUG c.n.e.resources.InstanceResource - Found (Renew): USERSERVICE - localhost:userservice:8081; reply status=200
2024-06-09 13:15:21 DEBUG c.n.e.r.AbstractInstanceRegistry - Processing override status using rule: [com.netflix.eureka.registry.rule.DownOrStartingRule, com.netflix.eureka.registry.rule.OverrideExistsRule, com.netflix.eureka.registry.rule.LeaseExistsRule, com.netflix.eureka.registry.rule.AlwaysMatchInstanceStatusRule]
2024-06-09 13:15:21 DEBUG c.n.e.r.r.AlwaysMatchInstanceStatusRule - Returning the default instance status UP for instance localhost:userservice:8081
2024-06-09 13:15:21 DEBUG c.n.e.resources.InstanceResource - Found (Renew): USERSERVICE - localhost:userservice:8081; reply status=200
2024-06-09 13:15:30 DEBUG c.n.e.registry.ResponseCacheImpl - Updating the client cache from response cache
2024-06-09 13:15:30 DEBUG c.n.e.registry.ResponseCacheImpl - Updating the client cache from response cache for key : Application ALL_APPS_DELTA V2 JSON
2024-06-09 13:15:30 DEBUG c.n.e.registry.ResponseCacheImpl - Updating the client cache from response cache for key : Application ALL_APPS V2 JSON
2024-06-09 13:15:30 DEBUG c.n.e.r.AbstractInstanceRegistry - Fetching applications registry with remote regions: false, Regions argument []
2024-06-09 13:15:30 DEBUG c.n.e.registry.ResponseCacheImpl - New application cache entry {name=ALL_APPS, type=Application, format=JSON} with apps hashcode UP_1_
2024-06-09 13:15:38 INFO  c.n.e.r.AbstractInstanceRegistry - Running the evict task with compensationTime 11ms
2024-06-09 13:15:38 DEBUG c.n.e.r.AbstractInstanceRegistry - Running the evict task
2024-06-09 13:15:50 DEBUG c.n.e.r.AbstractInstanceRegistry - Processing override status using rule: [com.netflix.eureka.registry.rule.DownOrStartingRule, com.netflix.eureka.registry.rule.OverrideExistsRule, com.netflix.eureka.registry.rule.LeaseExistsRule, com.netflix.eureka.registry.rule.AlwaysMatchInstanceStatusRule]
2024-06-09 13:15:50 DEBUG c.n.e.registry.rule.LeaseExistsRule - There is already an existing lease with status UP  for instance localhost:userservice:8081
2024-06-09 13:15:50 DEBUG c.n.e.resources.InstanceResource - Found (Renew): USERSERVICE - localhost:userservice:8081; reply status=200
2024-06-09 13:15:51 DEBUG c.n.e.r.AbstractInstanceRegistry - Processing override status using rule: [com.netflix.eureka.registry.rule.DownOrStartingRule, com.netflix.eureka.registry.rule.OverrideExistsRule, com.netflix.eureka.registry.rule.LeaseExistsRule, com.netflix.eureka.registry.rule.AlwaysMatchInstanceStatusRule]
2024-06-09 13:15:51 DEBUG c.n.e.r.r.AlwaysMatchInstanceStatusRule - Returning the default instance status UP for instance localhost:userservice:8081
2024-06-09 13:15:51 DEBUG c.n.e.resources.InstanceResource - Found (Renew): USERSERVICE - localhost:userservice:8081; reply status=200
2024-06-09 13:16:00 DEBUG c.n.e.registry.ResponseCacheImpl - Updating the client cache from response cache
2024-06-09 13:16:00 DEBUG c.n.e.registry.ResponseCacheImpl - Updating the client cache from response cache for key : Application ALL_APPS_DELTA V2 JSON
2024-06-09 13:16:00 DEBUG c.n.e.registry.ResponseCacheImpl - Updating the client cache from response cache for key : Application ALL_APPS V2 JSON
2024-06-09 13:16:20 DEBUG c.n.e.r.AbstractInstanceRegistry - Processing override status using rule: [com.netflix.eureka.registry.rule.DownOrStartingRule, com.netflix.eureka.registry.rule.OverrideExistsRule, com.netflix.eureka.registry.rule.LeaseExistsRule, com.netflix.eureka.registry.rule.AlwaysMatchInstanceStatusRule]
2024-06-09 13:16:20 DEBUG c.n.e.registry.rule.LeaseExistsRule - There is already an existing lease with status UP  for instance localhost:userservice:8081
2024-06-09 13:16:20 DEBUG c.n.e.resources.InstanceResource - Found (Renew): USERSERVICE - localhost:userservice:8081; reply status=200
2024-06-09 13:16:21 DEBUG c.n.e.r.AbstractInstanceRegistry - Processing override status using rule: [com.netflix.eureka.registry.rule.DownOrStartingRule, com.netflix.eureka.registry.rule.OverrideExistsRule, com.netflix.eureka.registry.rule.LeaseExistsRule, com.netflix.eureka.registry.rule.AlwaysMatchInstanceStatusRule]
2024-06-09 13:16:21 DEBUG c.n.e.r.r.AlwaysMatchInstanceStatusRule - Returning the default instance status UP for instance localhost:userservice:8081
2024-06-09 13:16:21 DEBUG c.n.e.resources.InstanceResource - Found (Renew): USERSERVICE - localhost:userservice:8081; reply status=200
2024-06-09 13:16:30 DEBUG c.n.e.registry.ResponseCacheImpl - Updating the client cache from response cache
2024-06-09 13:16:30 DEBUG c.n.e.registry.ResponseCacheImpl - Updating the client cache from response cache for key : Application ALL_APPS_DELTA V2 JSON
2024-06-09 13:16:30 DEBUG c.n.e.r.AbstractInstanceRegistry - The number of elements in the delta queue is : 0
2024-06-09 13:16:30 DEBUG c.n.e.registry.ResponseCacheImpl - New application cache entry {name=ALL_APPS_DELTA, type=Application, format=JSON} with apps hashcode UP_1_
2024-06-09 13:16:30 DEBUG c.n.e.registry.ResponseCacheImpl - Updating the client cache from response cache for key : Application ALL_APPS V2 JSON
2024-06-09 13:16:38 INFO  c.n.e.r.AbstractInstanceRegistry - Running the evict task with compensationTime 0ms
2024-06-09 13:16:38 DEBUG c.n.e.r.AbstractInstanceRegistry - Running the evict task
2024-06-09 13:16:50 DEBUG c.n.e.r.AbstractInstanceRegistry - Processing override status using rule: [com.netflix.eureka.registry.rule.DownOrStartingRule, com.netflix.eureka.registry.rule.OverrideExistsRule, com.netflix.eureka.registry.rule.LeaseExistsRule, com.netflix.eureka.registry.rule.AlwaysMatchInstanceStatusRule]
2024-06-09 13:16:50 DEBUG c.n.e.registry.rule.LeaseExistsRule - There is already an existing lease with status UP  for instance localhost:userservice:8081
2024-06-09 13:16:50 DEBUG c.n.e.resources.InstanceResource - Found (Renew): USERSERVICE - localhost:userservice:8081; reply status=200
2024-06-09 13:16:51 DEBUG c.n.e.r.AbstractInstanceRegistry - Processing override status using rule: [com.netflix.eureka.registry.rule.DownOrStartingRule, com.netflix.eureka.registry.rule.OverrideExistsRule, com.netflix.eureka.registry.rule.LeaseExistsRule, com.netflix.eureka.registry.rule.AlwaysMatchInstanceStatusRule]
2024-06-09 13:16:51 DEBUG c.n.e.r.r.AlwaysMatchInstanceStatusRule - Returning the default instance status UP for instance localhost:userservice:8081
2024-06-09 13:16:51 DEBUG c.n.e.resources.InstanceResource - Found (Renew): USERSERVICE - localhost:userservice:8081; reply status=200
2024-06-09 13:17:00 DEBUG c.n.e.registry.ResponseCacheImpl - Updating the client cache from response cache
2024-06-09 13:17:00 DEBUG c.n.e.registry.ResponseCacheImpl - Updating the client cache from response cache for key : Application ALL_APPS_DELTA V2 JSON
2024-06-09 13:17:00 DEBUG c.n.e.registry.ResponseCacheImpl - Updating the client cache from response cache for key : Application ALL_APPS V2 JSON
2024-06-09 13:17:20 DEBUG c.n.e.r.AbstractInstanceRegistry - Processing override status using rule: [com.netflix.eureka.registry.rule.DownOrStartingRule, com.netflix.eureka.registry.rule.OverrideExistsRule, com.netflix.eureka.registry.rule.LeaseExistsRule, com.netflix.eureka.registry.rule.AlwaysMatchInstanceStatusRule]
2024-06-09 13:17:20 DEBUG c.n.e.registry.rule.LeaseExistsRule - There is already an existing lease with status UP  for instance localhost:userservice:8081
2024-06-09 13:17:20 DEBUG c.n.e.resources.InstanceResource - Found (Renew): USERSERVICE - localhost:userservice:8081; reply status=200
2024-06-09 13:17:21 DEBUG c.n.e.r.AbstractInstanceRegistry - Processing override status using rule: [com.netflix.eureka.registry.rule.DownOrStartingRule, com.netflix.eureka.registry.rule.OverrideExistsRule, com.netflix.eureka.registry.rule.LeaseExistsRule, com.netflix.eureka.registry.rule.AlwaysMatchInstanceStatusRule]
2024-06-09 13:17:21 DEBUG c.n.e.r.r.AlwaysMatchInstanceStatusRule - Returning the default instance status UP for instance localhost:userservice:8081
2024-06-09 13:17:21 DEBUG c.n.e.resources.InstanceResource - Found (Renew): USERSERVICE - localhost:userservice:8081; reply status=200
2024-06-09 13:17:30 DEBUG c.n.e.registry.ResponseCacheImpl - Updating the client cache from response cache
2024-06-09 13:17:30 DEBUG c.n.e.registry.ResponseCacheImpl - Updating the client cache from response cache for key : Application ALL_APPS_DELTA V2 JSON
2024-06-09 13:17:30 DEBUG c.n.e.registry.ResponseCacheImpl - Updating the client cache from response cache for key : Application ALL_APPS V2 JSON
2024-06-09 13:17:38 INFO  c.n.e.r.AbstractInstanceRegistry - Running the evict task with compensationTime 0ms
2024-06-09 13:17:38 DEBUG c.n.e.r.AbstractInstanceRegistry - Running the evict task
2024-06-09 13:17:50 DEBUG c.n.e.r.AbstractInstanceRegistry - Processing override status using rule: [com.netflix.eureka.registry.rule.DownOrStartingRule, com.netflix.eureka.registry.rule.OverrideExistsRule, com.netflix.eureka.registry.rule.LeaseExistsRule, com.netflix.eureka.registry.rule.AlwaysMatchInstanceStatusRule]
2024-06-09 13:17:50 DEBUG c.n.e.registry.rule.LeaseExistsRule - There is already an existing lease with status UP  for instance localhost:userservice:8081
2024-06-09 13:17:50 DEBUG c.n.e.resources.InstanceResource - Found (Renew): USERSERVICE - localhost:userservice:8081; reply status=200
2024-06-09 13:17:51 DEBUG c.n.e.r.AbstractInstanceRegistry - Processing override status using rule: [com.netflix.eureka.registry.rule.DownOrStartingRule, com.netflix.eureka.registry.rule.OverrideExistsRule, com.netflix.eureka.registry.rule.LeaseExistsRule, com.netflix.eureka.registry.rule.AlwaysMatchInstanceStatusRule]
2024-06-09 13:17:51 DEBUG c.n.e.r.r.AlwaysMatchInstanceStatusRule - Returning the default instance status UP for instance localhost:userservice:8081
2024-06-09 13:17:51 DEBUG c.n.e.resources.InstanceResource - Found (Renew): USERSERVICE - localhost:userservice:8081; reply status=200
2024-06-09 13:18:00 DEBUG c.n.e.registry.ResponseCacheImpl - Updating the client cache from response cache
2024-06-09 13:18:00 DEBUG c.n.e.registry.ResponseCacheImpl - Updating the client cache from response cache for key : Application ALL_APPS_DELTA V2 JSON
2024-06-09 13:18:00 DEBUG c.n.e.registry.ResponseCacheImpl - Updating the client cache from response cache for key : Application ALL_APPS V2 JSON
2024-06-09 13:18:20 DEBUG c.n.e.r.AbstractInstanceRegistry - Processing override status using rule: [com.netflix.eureka.registry.rule.DownOrStartingRule, com.netflix.eureka.registry.rule.OverrideExistsRule, com.netflix.eureka.registry.rule.LeaseExistsRule, com.netflix.eureka.registry.rule.AlwaysMatchInstanceStatusRule]
2024-06-09 13:18:20 DEBUG c.n.e.registry.rule.LeaseExistsRule - There is already an existing lease with status UP  for instance localhost:userservice:8081
2024-06-09 13:18:20 DEBUG c.n.e.resources.InstanceResource - Found (Renew): USERSERVICE - localhost:userservice:8081; reply status=200
2024-06-09 13:18:21 DEBUG c.n.e.r.AbstractInstanceRegistry - Processing override status using rule: [com.netflix.eureka.registry.rule.DownOrStartingRule, com.netflix.eureka.registry.rule.OverrideExistsRule, com.netflix.eureka.registry.rule.LeaseExistsRule, com.netflix.eureka.registry.rule.AlwaysMatchInstanceStatusRule]
2024-06-09 13:18:21 DEBUG c.n.e.r.r.AlwaysMatchInstanceStatusRule - Returning the default instance status UP for instance localhost:userservice:8081
2024-06-09 13:18:21 DEBUG c.n.e.resources.InstanceResource - Found (Renew): USERSERVICE - localhost:userservice:8081; reply status=200
2024-06-09 13:18:30 DEBUG c.n.e.registry.ResponseCacheImpl - Updating the client cache from response cache
2024-06-09 13:18:30 DEBUG c.n.e.registry.ResponseCacheImpl - Updating the client cache from response cache for key : Application ALL_APPS_DELTA V2 JSON
2024-06-09 13:18:30 DEBUG c.n.e.registry.ResponseCacheImpl - Updating the client cache from response cache for key : Application ALL_APPS V2 JSON
2024-06-09 13:18:30 DEBUG c.n.e.r.AbstractInstanceRegistry - Fetching applications registry with remote regions: false, Regions argument []
2024-06-09 13:18:30 DEBUG c.n.e.registry.ResponseCacheImpl - New application cache entry {name=ALL_APPS, type=Application, format=JSON} with apps hashcode UP_1_
2024-06-09 13:18:38 INFO  c.n.e.r.AbstractInstanceRegistry - Running the evict task with compensationTime 14ms
2024-06-09 13:18:38 DEBUG c.n.e.r.AbstractInstanceRegistry - Running the evict task
2024-06-09 13:18:50 DEBUG c.n.e.r.AbstractInstanceRegistry - Processing override status using rule: [com.netflix.eureka.registry.rule.DownOrStartingRule, com.netflix.eureka.registry.rule.OverrideExistsRule, com.netflix.eureka.registry.rule.LeaseExistsRule, com.netflix.eureka.registry.rule.AlwaysMatchInstanceStatusRule]
2024-06-09 13:18:50 DEBUG c.n.e.registry.rule.LeaseExistsRule - There is already an existing lease with status UP  for instance localhost:userservice:8081
2024-06-09 13:18:50 DEBUG c.n.e.resources.InstanceResource - Found (Renew): USERSERVICE - localhost:userservice:8081; reply status=200
2024-06-09 13:18:51 DEBUG c.n.e.r.AbstractInstanceRegistry - Processing override status using rule: [com.netflix.eureka.registry.rule.DownOrStartingRule, com.netflix.eureka.registry.rule.OverrideExistsRule, com.netflix.eureka.registry.rule.LeaseExistsRule, com.netflix.eureka.registry.rule.AlwaysMatchInstanceStatusRule]
2024-06-09 13:18:51 DEBUG c.n.e.r.r.AlwaysMatchInstanceStatusRule - Returning the default instance status UP for instance localhost:userservice:8081
2024-06-09 13:18:51 DEBUG c.n.e.resources.InstanceResource - Found (Renew): USERSERVICE - localhost:userservice:8081; reply status=200
2024-06-09 13:19:00 DEBUG c.n.e.registry.ResponseCacheImpl - Updating the client cache from response cache
2024-06-09 13:19:00 DEBUG c.n.e.registry.ResponseCacheImpl - Updating the client cache from response cache for key : Application ALL_APPS_DELTA V2 JSON
2024-06-09 13:19:00 DEBUG c.n.e.registry.ResponseCacheImpl - Updating the client cache from response cache for key : Application ALL_APPS V2 JSON
2024-06-09 13:19:21 DEBUG c.n.e.r.AbstractInstanceRegistry - Processing override status using rule: [com.netflix.eureka.registry.rule.DownOrStartingRule, com.netflix.eureka.registry.rule.OverrideExistsRule, com.netflix.eureka.registry.rule.LeaseExistsRule, com.netflix.eureka.registry.rule.AlwaysMatchInstanceStatusRule]
2024-06-09 13:19:21 DEBUG c.n.e.registry.rule.LeaseExistsRule - There is already an existing lease with status UP  for instance localhost:userservice:8081
2024-06-09 13:19:21 DEBUG c.n.e.resources.InstanceResource - Found (Renew): USERSERVICE - localhost:userservice:8081; reply status=200
2024-06-09 13:19:21 DEBUG c.n.e.r.AbstractInstanceRegistry - Processing override status using rule: [com.netflix.eureka.registry.rule.DownOrStartingRule, com.netflix.eureka.registry.rule.OverrideExistsRule, com.netflix.eureka.registry.rule.LeaseExistsRule, com.netflix.eureka.registry.rule.AlwaysMatchInstanceStatusRule]
2024-06-09 13:19:21 DEBUG c.n.e.r.r.AlwaysMatchInstanceStatusRule - Returning the default instance status UP for instance localhost:userservice:8081
2024-06-09 13:19:21 DEBUG c.n.e.resources.InstanceResource - Found (Renew): USERSERVICE - localhost:userservice:8081; reply status=200
2024-06-09 13:19:30 DEBUG c.n.e.registry.ResponseCacheImpl - Updating the client cache from response cache
2024-06-09 13:19:30 DEBUG c.n.e.registry.ResponseCacheImpl - Updating the client cache from response cache for key : Application ALL_APPS_DELTA V2 JSON
2024-06-09 13:19:30 DEBUG c.n.e.r.AbstractInstanceRegistry - The number of elements in the delta queue is : 0
2024-06-09 13:19:30 DEBUG c.n.e.registry.ResponseCacheImpl - New application cache entry {name=ALL_APPS_DELTA, type=Application, format=JSON} with apps hashcode UP_1_
2024-06-09 13:19:30 DEBUG c.n.e.registry.ResponseCacheImpl - Updating the client cache from response cache for key : Application ALL_APPS V2 JSON
2024-06-09 13:19:38 INFO  c.n.e.r.AbstractInstanceRegistry - Running the evict task with compensationTime 3ms
2024-06-09 13:19:38 DEBUG c.n.e.r.AbstractInstanceRegistry - Running the evict task
2024-06-09 13:19:51 DEBUG c.n.e.r.AbstractInstanceRegistry - Processing override status using rule: [com.netflix.eureka.registry.rule.DownOrStartingRule, com.netflix.eureka.registry.rule.OverrideExistsRule, com.netflix.eureka.registry.rule.LeaseExistsRule, com.netflix.eureka.registry.rule.AlwaysMatchInstanceStatusRule]
2024-06-09 13:19:51 DEBUG c.n.e.registry.rule.LeaseExistsRule - There is already an existing lease with status UP  for instance localhost:userservice:8081
2024-06-09 13:19:51 DEBUG c.n.e.resources.InstanceResource - Found (Renew): USERSERVICE - localhost:userservice:8081; reply status=200
2024-06-09 13:19:51 DEBUG c.n.e.r.AbstractInstanceRegistry - Processing override status using rule: [com.netflix.eureka.registry.rule.DownOrStartingRule, com.netflix.eureka.registry.rule.OverrideExistsRule, com.netflix.eureka.registry.rule.LeaseExistsRule, com.netflix.eureka.registry.rule.AlwaysMatchInstanceStatusRule]
2024-06-09 13:19:51 DEBUG c.n.e.r.r.AlwaysMatchInstanceStatusRule - Returning the default instance status UP for instance localhost:userservice:8081
2024-06-09 13:19:51 DEBUG c.n.e.resources.InstanceResource - Found (Renew): USERSERVICE - localhost:userservice:8081; reply status=200
