2024-06-07 14:39:51 INFO  o.h.validator.internal.util.Version - HV000001: Hibernate Validator 8.0.1.Final
2024-06-07 14:39:51 INFO  c.f.c.ConfigserverApplication - Starting ConfigserverApplication using Java 21.0.1 with PID 11008 (C:\Users\lenovo\OneDrive\Desktop\Microservice9\configserver\target\classes started by lenovo in C:\Users\lenovo\OneDrive\Desktop\Microservice9\configserver)
2024-06-07 14:39:51 INFO  c.f.c.ConfigserverApplication - No active profile set, falling back to 1 default profile: "default"
2024-06-07 14:39:51 INFO  o.s.b.d.e.DevToolsPropertyDefaultsPostProcessor - Devtools property defaults active! Set 'spring.devtools.add-properties' to 'false' to disable
2024-06-07 14:39:51 INFO  o.s.b.d.e.DevToolsPropertyDefaultsPostProcessor - For additional web related logging consider setting the 'logging.level.web' property to 'DEBUG'
2024-06-07 14:39:53 INFO  o.s.cloud.context.scope.GenericScope - BeanFactory id=b698b04d-8ff6-3217-9cbc-677eb0ad43d3
2024-06-07 14:39:53 INFO  o.s.b.w.e.tomcat.TomcatWebServer - Tomcat initialized with port 8888 (http)
2024-06-07 14:39:53 INFO  o.a.coyote.http11.Http11NioProtocol - Initializing ProtocolHandler ["http-nio-8888"]
2024-06-07 14:39:53 INFO  o.a.catalina.core.StandardService - Starting service [Tomcat]
2024-06-07 14:39:53 INFO  o.a.catalina.core.StandardEngine - Starting Servlet engine: [Apache Tomcat/10.1.24]
2024-06-07 14:39:53 INFO  o.a.c.c.C.[Tomcat].[localhost].[/] - Initializing Spring embedded WebApplicationContext
2024-06-07 14:39:53 INFO  o.s.b.w.s.c.ServletWebServerApplicationContext - Root WebApplicationContext: initialization completed in 2258 ms
2024-06-07 14:39:54 INFO  o.s.b.d.a.OptionalLiveReloadServer - LiveReload server is running on port 35729
2024-06-07 14:39:55 INFO  o.s.cloud.commons.util.InetUtils - Cannot determine local hostname
2024-06-07 14:39:56 INFO  o.a.coyote.http11.Http11NioProtocol - Starting ProtocolHandler ["http-nio-8888"]
2024-06-07 14:39:56 INFO  o.s.b.w.e.tomcat.TomcatWebServer - Tomcat started on port 8888 (http) with context path ''
2024-06-07 14:39:57 INFO  o.s.cloud.commons.util.InetUtils - Cannot determine local hostname
2024-06-07 14:39:57 INFO  c.f.c.ConfigserverApplication - Started ConfigserverApplication in 7.56 seconds (process running for 8.728)
2024-06-07 14:40:25 INFO  o.a.c.c.C.[Tomcat].[localhost].[/] - Initializing Spring DispatcherServlet 'dispatcherServlet'
2024-06-07 14:40:25 INFO  o.s.web.servlet.DispatcherServlet - Initializing Servlet 'dispatcherServlet'
2024-06-07 14:40:25 INFO  o.s.web.servlet.DispatcherServlet - Completed initialization in 1 ms
2024-06-07 14:58:10 INFO  o.h.validator.internal.util.Version - HV000001: Hibernate Validator 8.0.1.Final
2024-06-07 14:58:10 INFO  c.f.c.ConfigserverApplication - Starting ConfigserverApplication using Java 21.0.1 with PID 856 (C:\Users\lenovo\OneDrive\Desktop\Microservice9\configserver\target\classes started by lenovo in C:\Users\lenovo\OneDrive\Desktop\Microservice9\configserver)
2024-06-07 14:58:10 INFO  c.f.c.ConfigserverApplication - No active profile set, falling back to 1 default profile: "default"
2024-06-07 14:58:10 INFO  o.s.b.d.e.DevToolsPropertyDefaultsPostProcessor - Devtools property defaults active! Set 'spring.devtools.add-properties' to 'false' to disable
2024-06-07 14:58:10 INFO  o.s.b.d.e.DevToolsPropertyDefaultsPostProcessor - For additional web related logging consider setting the 'logging.level.web' property to 'DEBUG'
2024-06-07 14:58:12 INFO  o.s.cloud.context.scope.GenericScope - BeanFactory id=b698b04d-8ff6-3217-9cbc-677eb0ad43d3
2024-06-07 14:58:12 INFO  o.s.b.w.e.tomcat.TomcatWebServer - Tomcat initialized with port 8888 (http)
2024-06-07 14:58:12 INFO  o.a.coyote.http11.Http11NioProtocol - Initializing ProtocolHandler ["http-nio-8888"]
2024-06-07 14:58:12 INFO  o.a.catalina.core.StandardService - Starting service [Tomcat]
2024-06-07 14:58:12 INFO  o.a.catalina.core.StandardEngine - Starting Servlet engine: [Apache Tomcat/10.1.24]
2024-06-07 14:58:12 INFO  o.a.c.c.C.[Tomcat].[localhost].[/] - Initializing Spring embedded WebApplicationContext
2024-06-07 14:58:12 INFO  o.s.b.w.s.c.ServletWebServerApplicationContext - Root WebApplicationContext: initialization completed in 2349 ms
2024-06-07 14:58:13 INFO  o.s.b.d.a.OptionalLiveReloadServer - LiveReload server is running on port 35729
2024-06-07 14:58:14 INFO  o.s.cloud.commons.util.InetUtils - Cannot determine local hostname
2024-06-07 14:58:14 INFO  o.a.coyote.http11.Http11NioProtocol - Starting ProtocolHandler ["http-nio-8888"]
2024-06-07 14:58:14 INFO  o.s.b.w.e.tomcat.TomcatWebServer - Tomcat started on port 8888 (http) with context path ''
2024-06-07 14:58:15 INFO  o.s.cloud.commons.util.InetUtils - Cannot determine local hostname
2024-06-07 14:58:15 INFO  c.f.c.ConfigserverApplication - Started ConfigserverApplication in 7.462 seconds (process running for 8.655)
2024-06-07 14:58:24 INFO  o.a.c.c.C.[Tomcat].[localhost].[/] - Initializing Spring DispatcherServlet 'dispatcherServlet'
2024-06-07 14:58:24 INFO  o.s.web.servlet.DispatcherServlet - Initializing Servlet 'dispatcherServlet'
2024-06-07 14:58:24 INFO  o.s.web.servlet.DispatcherServlet - Completed initialization in 1 ms
2024-06-07 15:16:16 INFO  o.h.validator.internal.util.Version - HV000001: Hibernate Validator 8.0.1.Final
2024-06-07 15:16:16 INFO  c.f.c.ConfigserverApplication - Starting ConfigserverApplication using Java 21.0.1 with PID 3452 (C:\Users\lenovo\OneDrive\Desktop\Microservice9\configserver\target\classes started by lenovo in C:\Users\lenovo\OneDrive\Desktop\Microservice9\configserver)
2024-06-07 15:16:16 INFO  c.f.c.ConfigserverApplication - No active profile set, falling back to 1 default profile: "default"
2024-06-07 15:16:16 INFO  o.s.b.d.e.DevToolsPropertyDefaultsPostProcessor - Devtools property defaults active! Set 'spring.devtools.add-properties' to 'false' to disable
2024-06-07 15:16:16 INFO  o.s.b.d.e.DevToolsPropertyDefaultsPostProcessor - For additional web related logging consider setting the 'logging.level.web' property to 'DEBUG'
2024-06-07 15:16:18 INFO  o.s.cloud.context.scope.GenericScope - BeanFactory id=b698b04d-8ff6-3217-9cbc-677eb0ad43d3
2024-06-07 15:16:18 INFO  o.s.b.w.e.tomcat.TomcatWebServer - Tomcat initialized with port 8888 (http)
2024-06-07 15:16:18 INFO  o.a.coyote.http11.Http11NioProtocol - Initializing ProtocolHandler ["http-nio-8888"]
2024-06-07 15:16:18 INFO  o.a.catalina.core.StandardService - Starting service [Tomcat]
2024-06-07 15:16:18 INFO  o.a.catalina.core.StandardEngine - Starting Servlet engine: [Apache Tomcat/10.1.24]
2024-06-07 15:16:18 INFO  o.a.c.c.C.[Tomcat].[localhost].[/] - Initializing Spring embedded WebApplicationContext
2024-06-07 15:16:18 INFO  o.s.b.w.s.c.ServletWebServerApplicationContext - Root WebApplicationContext: initialization completed in 2207 ms
2024-06-07 15:16:19 INFO  o.s.b.d.a.OptionalLiveReloadServer - LiveReload server is running on port 35729
2024-06-07 15:16:20 INFO  o.s.cloud.commons.util.InetUtils - Cannot determine local hostname
2024-06-07 15:16:21 INFO  o.a.coyote.http11.Http11NioProtocol - Starting ProtocolHandler ["http-nio-8888"]
2024-06-07 15:16:21 INFO  o.s.b.w.e.tomcat.TomcatWebServer - Tomcat started on port 8888 (http) with context path ''
2024-06-07 15:16:22 INFO  o.s.cloud.commons.util.InetUtils - Cannot determine local hostname
2024-06-07 15:16:22 INFO  c.f.c.ConfigserverApplication - Started ConfigserverApplication in 8.095 seconds (process running for 9.169)
2024-06-07 15:16:25 INFO  o.a.c.c.C.[Tomcat].[localhost].[/] - Initializing Spring DispatcherServlet 'dispatcherServlet'
2024-06-07 15:16:25 INFO  o.s.web.servlet.DispatcherServlet - Initializing Servlet 'dispatcherServlet'
2024-06-07 15:16:25 INFO  o.s.web.servlet.DispatcherServlet - Completed initialization in 2 ms
2024-06-07 15:40:04 INFO  o.h.validator.internal.util.Version - HV000001: Hibernate Validator 8.0.1.Final
2024-06-07 15:40:04 INFO  c.f.c.ConfigserverApplication - Starting ConfigserverApplication using Java 21.0.1 with PID 16284 (C:\Users\lenovo\OneDrive\Desktop\Microservice9\configserver\target\classes started by lenovo in C:\Users\lenovo\OneDrive\Desktop\Microservice9\configserver)
2024-06-07 15:40:04 INFO  c.f.c.ConfigserverApplication - No active profile set, falling back to 1 default profile: "default"
2024-06-07 15:40:04 INFO  o.s.b.d.e.DevToolsPropertyDefaultsPostProcessor - Devtools property defaults active! Set 'spring.devtools.add-properties' to 'false' to disable
2024-06-07 15:40:04 INFO  o.s.b.d.e.DevToolsPropertyDefaultsPostProcessor - For additional web related logging consider setting the 'logging.level.web' property to 'DEBUG'
2024-06-07 15:40:06 INFO  o.s.cloud.context.scope.GenericScope - BeanFactory id=b698b04d-8ff6-3217-9cbc-677eb0ad43d3
2024-06-07 15:40:06 INFO  o.s.b.w.e.tomcat.TomcatWebServer - Tomcat initialized with port 8888 (http)
2024-06-07 15:40:06 INFO  o.a.coyote.http11.Http11NioProtocol - Initializing ProtocolHandler ["http-nio-8888"]
2024-06-07 15:40:06 INFO  o.a.catalina.core.StandardService - Starting service [Tomcat]
2024-06-07 15:40:06 INFO  o.a.catalina.core.StandardEngine - Starting Servlet engine: [Apache Tomcat/10.1.24]
2024-06-07 15:40:06 INFO  o.a.c.c.C.[Tomcat].[localhost].[/] - Initializing Spring embedded WebApplicationContext
2024-06-07 15:40:06 INFO  o.s.b.w.s.c.ServletWebServerApplicationContext - Root WebApplicationContext: initialization completed in 2482 ms
2024-06-07 15:40:07 INFO  o.s.b.d.a.OptionalLiveReloadServer - LiveReload server is running on port 35729
2024-06-07 15:40:08 INFO  o.s.cloud.commons.util.InetUtils - Cannot determine local hostname
2024-06-07 15:40:09 INFO  o.a.coyote.http11.Http11NioProtocol - Starting ProtocolHandler ["http-nio-8888"]
2024-06-07 15:40:09 INFO  o.s.b.w.e.tomcat.TomcatWebServer - Tomcat started on port 8888 (http) with context path ''
2024-06-07 15:40:10 INFO  o.s.cloud.commons.util.InetUtils - Cannot determine local hostname
2024-06-07 15:40:11 INFO  c.f.c.ConfigserverApplication - Started ConfigserverApplication in 8.689 seconds (process running for 10.16)
2024-06-07 15:40:13 INFO  o.a.c.c.C.[Tomcat].[localhost].[/] - Initializing Spring DispatcherServlet 'dispatcherServlet'
2024-06-07 15:40:13 INFO  o.s.web.servlet.DispatcherServlet - Initializing Servlet 'dispatcherServlet'
2024-06-07 15:40:13 INFO  o.s.web.servlet.DispatcherServlet - Completed initialization in 2 ms
2024-06-07 15:53:09 INFO  o.h.validator.internal.util.Version - HV000001: Hibernate Validator 8.0.1.Final
2024-06-07 15:53:10 INFO  c.f.c.ConfigserverApplication - Starting ConfigserverApplication using Java 21.0.1 with PID 20472 (C:\Users\lenovo\OneDrive\Desktop\Microservice9\configserver\target\classes started by lenovo in C:\Users\lenovo\OneDrive\Desktop\Microservice9\configserver)
2024-06-07 15:53:10 INFO  c.f.c.ConfigserverApplication - No active profile set, falling back to 1 default profile: "default"
2024-06-07 15:53:10 INFO  o.s.b.d.e.DevToolsPropertyDefaultsPostProcessor - Devtools property defaults active! Set 'spring.devtools.add-properties' to 'false' to disable
2024-06-07 15:53:10 INFO  o.s.b.d.e.DevToolsPropertyDefaultsPostProcessor - For additional web related logging consider setting the 'logging.level.web' property to 'DEBUG'
2024-06-07 15:53:12 INFO  o.s.cloud.context.scope.GenericScope - BeanFactory id=b698b04d-8ff6-3217-9cbc-677eb0ad43d3
2024-06-07 15:53:13 INFO  o.s.b.w.e.tomcat.TomcatWebServer - Tomcat initialized with port 8888 (http)
2024-06-07 15:53:13 INFO  o.a.coyote.http11.Http11NioProtocol - Initializing ProtocolHandler ["http-nio-8888"]
2024-06-07 15:53:13 INFO  o.a.catalina.core.StandardService - Starting service [Tomcat]
2024-06-07 15:53:13 INFO  o.a.catalina.core.StandardEngine - Starting Servlet engine: [Apache Tomcat/10.1.24]
2024-06-07 15:53:13 INFO  o.a.c.c.C.[Tomcat].[localhost].[/] - Initializing Spring embedded WebApplicationContext
2024-06-07 15:53:13 INFO  o.s.b.w.s.c.ServletWebServerApplicationContext - Root WebApplicationContext: initialization completed in 3225 ms
2024-06-07 15:53:14 INFO  o.s.b.d.a.OptionalLiveReloadServer - LiveReload server is running on port 35729
2024-06-07 15:53:15 INFO  o.s.cloud.commons.util.InetUtils - Cannot determine local hostname
2024-06-07 15:53:15 INFO  o.a.coyote.http11.Http11NioProtocol - Starting ProtocolHandler ["http-nio-8888"]
2024-06-07 15:53:15 INFO  o.s.b.w.e.tomcat.TomcatWebServer - Tomcat started on port 8888 (http) with context path ''
2024-06-07 15:53:16 INFO  o.s.cloud.commons.util.InetUtils - Cannot determine local hostname
2024-06-07 15:53:16 INFO  c.f.c.ConfigserverApplication - Started ConfigserverApplication in 8.797 seconds (process running for 9.858)
2024-06-07 15:53:20 INFO  o.a.c.c.C.[Tomcat].[localhost].[/] - Initializing Spring DispatcherServlet 'dispatcherServlet'
2024-06-07 15:53:20 INFO  o.s.web.servlet.DispatcherServlet - Initializing Servlet 'dispatcherServlet'
2024-06-07 15:53:20 INFO  o.s.web.servlet.DispatcherServlet - Completed initialization in 2 ms
2024-06-07 16:36:45 INFO  o.h.validator.internal.util.Version - HV000001: Hibernate Validator 8.0.1.Final
2024-06-07 16:36:45 INFO  c.f.c.ConfigserverApplication - Starting ConfigserverApplication using Java 21.0.1 with PID 12280 (C:\Users\lenovo\OneDrive\Desktop\Microservice9\configserver\target\classes started by lenovo in C:\Users\lenovo\OneDrive\Desktop\Microservice9\configserver)
2024-06-07 16:36:45 INFO  c.f.c.ConfigserverApplication - No active profile set, falling back to 1 default profile: "default"
2024-06-07 16:36:45 INFO  o.s.b.d.e.DevToolsPropertyDefaultsPostProcessor - Devtools property defaults active! Set 'spring.devtools.add-properties' to 'false' to disable
2024-06-07 16:36:45 INFO  o.s.b.d.e.DevToolsPropertyDefaultsPostProcessor - For additional web related logging consider setting the 'logging.level.web' property to 'DEBUG'
2024-06-07 16:36:47 INFO  o.s.cloud.context.scope.GenericScope - BeanFactory id=b698b04d-8ff6-3217-9cbc-677eb0ad43d3
2024-06-07 16:36:47 INFO  o.s.b.w.e.tomcat.TomcatWebServer - Tomcat initialized with port 8888 (http)
2024-06-07 16:36:47 INFO  o.a.coyote.http11.Http11NioProtocol - Initializing ProtocolHandler ["http-nio-8888"]
2024-06-07 16:36:47 INFO  o.a.catalina.core.StandardService - Starting service [Tomcat]
2024-06-07 16:36:47 INFO  o.a.catalina.core.StandardEngine - Starting Servlet engine: [Apache Tomcat/10.1.24]
2024-06-07 16:36:47 INFO  o.a.c.c.C.[Tomcat].[localhost].[/] - Initializing Spring embedded WebApplicationContext
2024-06-07 16:36:47 INFO  o.s.b.w.s.c.ServletWebServerApplicationContext - Root WebApplicationContext: initialization completed in 2211 ms
2024-06-07 16:36:48 INFO  o.s.b.d.a.OptionalLiveReloadServer - LiveReload server is running on port 35729
2024-06-07 16:36:49 INFO  o.s.cloud.commons.util.InetUtils - Cannot determine local hostname
2024-06-07 16:36:50 INFO  o.a.coyote.http11.Http11NioProtocol - Starting ProtocolHandler ["http-nio-8888"]
2024-06-07 16:36:50 INFO  o.s.b.w.e.tomcat.TomcatWebServer - Tomcat started on port 8888 (http) with context path ''
2024-06-07 16:36:51 INFO  o.s.cloud.commons.util.InetUtils - Cannot determine local hostname
2024-06-07 16:36:51 INFO  c.f.c.ConfigserverApplication - Started ConfigserverApplication in 7.453 seconds (process running for 8.446)
2024-06-07 16:36:54 INFO  o.a.c.c.C.[Tomcat].[localhost].[/] - Initializing Spring DispatcherServlet 'dispatcherServlet'
2024-06-07 16:36:54 INFO  o.s.web.servlet.DispatcherServlet - Initializing Servlet 'dispatcherServlet'
2024-06-07 16:36:54 INFO  o.s.web.servlet.DispatcherServlet - Completed initialization in 1 ms
